<?xml version="1.0" encoding="UTF-8"?>
<!-- Generated by org.testng.reporters.JUnitReportReporter -->
<testsuite hostname="DESKTOP-QNHJ5Q7" name="ddtExample.NOPCommApp" tests="3" failures="0" timestamp="7 Dec 2022 09:43:45 GMT" time="29.426" errors="0">
  <testcase name="verifyLoginFeatureWithInValid" time="9.772" classname="ddtExample.NOPCommApp"/>
  <testcase name="verifyLoginFeatureWithInValid" time="9.917" classname="ddtExample.NOPCommApp"/>
  <testcase name="verifyLoginFeatureWithInValid" time="9.737" classname="ddtExample.NOPCommApp"/>
</testsuite> <!-- ddtExample.NOPCommApp -->
