<?xml version="1.0" encoding="UTF-8"?>
<!-- Generated by org.testng.reporters.JUnitReportReporter -->
<testsuite hostname="DESKTOP-QNHJ5Q7" name="controlExample.FirstName" tests="1" failures="0" timestamp="1 Dec 2022 06:49:47 GMT" time="8.173" errors="0">
  <testcase name="firstName" time="8.173" classname="controlExample.FirstName"/>
</testsuite> <!-- controlExample.FirstName -->
