<?xml version="1.0" encoding="UTF-8"?>
<!-- Generated by org.testng.reporters.JUnitReportReporter -->
<testsuite hostname="DESKTOP-QNHJ5Q7" name="controlExample.HandleAlert" tests="1" failures="0" timestamp="1 Dec 2022 08:45:51 GMT" time="15.219" errors="0">
  <testcase name="verifyPromptAlert" time="15.219" classname="controlExample.HandleAlert"/>
</testsuite> <!-- controlExample.HandleAlert -->
