<?xml version="1.0" encoding="UTF-8"?>
<!-- Generated by org.testng.reporters.JUnitReportReporter -->
<testsuite hostname="DESKTOP-QNHJ5Q7" name="nopcomm_CrossBrowserTest.LoginTest" tests="2" failures="0" timestamp="1 Dec 2022 09:34:41 GMT" time="65.485" errors="0">
  <testcase name="verifyLogin" time="33.111" classname="nopcomm_CrossBrowserTest.LoginTest"/>
  <testcase name="verifyLogin" time="32.374" classname="nopcomm_CrossBrowserTest.LoginTest"/>
</testsuite> <!-- nopcomm_CrossBrowserTest.LoginTest -->
