<?xml version="1.0" encoding="UTF-8"?>
<!-- Generated by org.testng.reporters.JUnitReportReporter -->
<testsuite hostname="DESKTOP-QNHJ5Q7" name="frameExample.UITestPractice" tests="1" failures="0" timestamp="2 Dec 2022 09:46:23 GMT" time="15.402" errors="0">
  <testcase name="launch_app" time="15.402" classname="frameExample.UITestPractice"/>
</testsuite> <!-- frameExample.UITestPractice -->
