<?xml version="1.0" encoding="UTF-8"?>
<!-- Generated by org.testng.reporters.JUnitReportReporter -->
<testsuite hostname="DESKTOP-QNHJ5Q7" name="testNGExample.AmazonTest" tests="4" failures="0" timestamp="30 Nov 2022 08:49:05 GMT" time="0.015" errors="0">
  <testcase name="addItems" time="0.000" classname="testNGExample.AmazonTest"/>
  <testcase name="login" time="0.015" classname="testNGExample.AmazonTest"/>
  <testcase name="payment" time="0.000" classname="testNGExample.AmazonTest"/>
  <testcase name="logout" time="0.000" classname="testNGExample.AmazonTest"/>
</testsuite> <!-- testNGExample.AmazonTest -->
