<?xml version="1.0" encoding="UTF-8"?>
<!-- Generated by org.testng.reporters.JUnitReportReporter -->
<testsuite hostname="DESKTOP-QNHJ5Q7" name="excelFileExample.RegisterStudentExcelTest" tests="1" failures="0" timestamp="7 Dec 2022 13:12:30 GMT" time="63.484" errors="0">
  <testcase name="RegistrationDataDrivernTest" time="63.484" classname="excelFileExample.RegisterStudentExcelTest"/>
</testsuite> <!-- excelFileExample.RegisterStudentExcelTest -->
