<?xml version="1.0" encoding="UTF-8"?>
<!-- Generated by org.testng.reporters.JUnitReportReporter -->
<testsuite hostname="DESKTOP-QNHJ5Q7" name="nopComm.LoginTest" tests="1" failures="0" timestamp="30 Nov 2022 07:14:56 GMT" time="33.950" errors="0">
  <testcase name="verifyLogin" time="33.950" classname="nopComm.LoginTest"/>
</testsuite> <!-- nopComm.LoginTest -->
