<?xml version="1.0" encoding="UTF-8"?>
<!-- Generated by org.testng.reporters.JUnitReportReporter -->
<testsuite hostname="DESKTOP-QNHJ5Q7" name="nopCommPageObjectModel.LoginTest" tests="1" failures="0" timestamp="6 Dec 2022 15:26:15 GMT" time="10.071" errors="0">
  <testcase name="verifyLoginFeature" time="10.071" classname="nopCommPageObjectModel.LoginTest"/>
</testsuite> <!-- nopCommPageObjectModel.LoginTest -->
