<?xml version="1.0" encoding="UTF-8"?>
<!-- Generated by org.testng.reporters.JUnitReportReporter -->
<testsuite hostname="DESKTOP-QNHJ5Q7" name="actionExample.ightClickDoubleClickTest" tests="2" failures="0" timestamp="5 Dec 2022 08:42:03 GMT" time="3.509" errors="0">
  <testcase name="RightClickTest" time="3.324" classname="actionExample.ightClickDoubleClickTest"/>
  <testcase name="DoubleClickTest" time="0.185" classname="actionExample.ightClickDoubleClickTest"/>
</testsuite> <!-- actionExample.ightClickDoubleClickTest -->
