<?xml version="1.0" encoding="UTF-8"?>
<!-- Generated by org.testng.reporters.JUnitReportReporter -->
<testsuite hostname="DESKTOP-QNHJ5Q7" name="frameExample.SeleniumActions" tests="1" failures="0" timestamp="2 Dec 2022 09:00:14 GMT" time="16.352" errors="0">
  <testcase name="launch_app" time="16.352" classname="frameExample.SeleniumActions"/>
</testsuite> <!-- frameExample.SeleniumActions -->
