<?xml version="1.0" encoding="UTF-8"?>
<!-- Generated by org.testng.reporters.JUnitReportReporter -->
<testsuite hostname="DESKTOP-QNHJ5Q7" name="nopCommLog4J.LoginTest" tests="1" failures="0" timestamp="7 Dec 2022 06:37:13 GMT" time="30.934" errors="0">
  <testcase name="verifyLogin" time="30.934" classname="nopCommLog4J.LoginTest"/>
</testsuite> <!-- nopCommLog4J.LoginTest -->
