<?xml version="1.0" encoding="UTF-8"?>
<!-- Generated by org.testng.reporters.JUnitReportReporter -->
<testsuite hostname="DESKTOP-QNHJ5Q7" name="nopCommLogExample.LoginTest" tests="1" failures="0" timestamp="6 Dec 2022 10:39:22 GMT" time="30.380" errors="0">
  <testcase name="verifyLogin" time="30.380" classname="nopCommLogExample.LoginTest"/>
</testsuite> <!-- nopCommLogExample.LoginTest -->
