<?xml version="1.0" encoding="UTF-8"?>
<!-- Generated by org.testng.reporters.JUnitReportReporter -->
<testsuite hostname="DESKTOP-QNHJ5Q7" name="testNGExample.TestNGAnnotationExample" tests="2" failures="0" timestamp="30 Nov 2022 10:34:15 GMT" time="0.016" errors="0">
  <testcase name="login" time="0.016" classname="testNGExample.TestNGAnnotationExample"/>
  <testcase name="logout" time="0.000" classname="testNGExample.TestNGAnnotationExample"/>
</testsuite> <!-- testNGExample.TestNGAnnotationExample -->
