<?xml version="1.0" encoding="UTF-8"?>
<!-- Generated by org.testng.reporters.JUnitReportReporter -->
<testsuite hostname="DESKTOP-QNHJ5Q7" name="locatorExample.HyrTutorial" tests="1" failures="0" timestamp="29 Nov 2022 15:24:28 GMT" time="17.182" errors="0">
  <testcase name="HyrTutorial" time="17.182" classname="locatorExample.HyrTutorial"/>
</testsuite> <!-- locatorExample.HyrTutorial -->
