<?xml version="1.0" encoding="UTF-8"?>
<!-- Generated by org.testng.reporters.JUnitReportReporter -->
<testsuite hostname="DESKTOP-QNHJ5Q7" name="locatorExample.HRMLoginTest" tests="1" failures="0" timestamp="29 Nov 2022 14:52:42 GMT" time="27.444" errors="0">
  <testcase name="verifyLogin" time="27.444" classname="locatorExample.HRMLoginTest"/>
</testsuite> <!-- locatorExample.HRMLoginTest -->
