<?xml version="1.0" encoding="UTF-8"?>
<!-- Generated by org.testng.reporters.JUnitReportReporter -->
<testsuite hostname="DESKTOP-QNHJ5Q7" name="locatorExample.AmazonSeeMore" tests="1" failures="0" timestamp="29 Nov 2022 15:10:15 GMT" time="21.203" errors="0">
  <testcase name="amazonSeeMore" time="21.203" classname="locatorExample.AmazonSeeMore"/>
</testsuite> <!-- locatorExample.AmazonSeeMore -->
