<?xml version="1.0" encoding="UTF-8"?>
<!-- Generated by org.testng.reporters.JUnitReportReporter -->
<testsuite skipped="0" hostname="DESKTOP-QNHJ5Q7" name="nopCommLog4J.LoginTest" tests="1" failures="0" timestamp="2022-12-08T01:38:19 PST" time="30.387" errors="0">
  <testcase name="verifyLogin" time="30.387" classname="nopCommLog4J.LoginTest"/>
  <system-out/>
</testsuite> <!-- nopCommLog4J.LoginTest -->
