<?xml version="1.0" encoding="UTF-8"?>
<!-- Generated by org.testng.reporters.JUnitReportReporter -->
<testsuite hostname="DESKTOP-QNHJ5Q7" failures="0" tests="1" name="nopcomm_CrossBrowserTest.LoginTest" time="33.306" errors="0" timestamp="2022-12-08T02:27:32 PST" skipped="0">
  <testcase classname="nopcomm_CrossBrowserTest.LoginTest" name="verifyLogin" time="33.306"/>
  <system-out/>
</testsuite> <!-- nopcomm_CrossBrowserTest.LoginTest -->
